[debug] ----------------------------------------------------------------------
[debug] Command:      C:\Program Files\nodejs\node.exe C:\Users\Ajitesh\AppData\Roaming\npm\node_modules\firebase-tools\bin\firebase deploy
[debug] CLI Version:  3.0.6
[debug] Platform:     win32
[debug] Node Version: v4.4.3
[debug] Time:         Mon Aug 08 2016 23:00:54 GMT+0530 (India Standard Time)
[debug] ----------------------------------------------------------------------
[debug] 
[debug] > command requires scopes: ["email","openid","https://www.googleapis.com/auth/cloudplatformprojects.readonly","https://www.googleapis.com/auth/firebase"]
[debug] >>> HTTP REQUEST GET https://admin.firebase.com/v1/projects/book-me-d3638 
[debug] <<< HTTP RESPONSE 200
[debug] >>> HTTP REQUEST GET https://admin.firebase.com/v1/database/book-me-d3638/tokens 
[debug] <<< HTTP RESPONSE 200
[info] 
[info] === Deploying to 'book-me-d3638'...
[info] 
[info] i  deploying database, hosting
[info] +  database: rules ready to deploy.
[info] i  hosting: preparing public directory for upload...
[debug] >>> HTTP REQUEST PUT https://deploy.firebase.com/v1/hosting/book-me-d3638/uploads/-KOfCGW3H6ro_KYYaPIh?fileCount=5&message= 
[debug] <<< HTTP RESPONSE 200
[info] +  hosting: public folder uploaded successfully
[info] +  hosting: 5 files uploaded successfully
[info] i  starting release process (may take several minutes)...
[debug] >>> HTTP REQUEST POST https://deploy.firebase.com/v1/projects/book-me-d3638/releases
